rank: 0, [0, 0]: rows: 5, cols: 5, elems: 25
rank: 1, [0, 1]: rows: 5, cols: 4, elems: 20
rank: 2, [1, 0]: rows: 4, cols: 5, elems: 20
rank: 3, [1, 1]: rows: 4, cols: 4, elems: 16
numRows in root:
numRows[0]: 5
numRows[1]: 5
numRows[2]: 4
numRows[3]: 4
rank: 0, send data lengths size: 25 

rank: 1, send data lengths size: 20 

rank: 2, send data lengths size: 20 

rank: 3, send data lengths size: 16 

reading file: ../../data/mymatrix.dat ...
data[0]: 1.000000
Rank: 0, local A: 
  1.000000  0.000000  -7.000000  -7.000000  0.000000
  2.000000  -6.000000  -4.000000  1.000000  -2.000000
  1.000000  -1.000000  7.000000  10.000000  -3.000000
  3.000000  2.000000  4.000000  -4.000000  3.000000
  0.000000  -6.000000  -2.000000  7.000000  4.000000


Rank: 1, local A: 

  -6.000000  5.000000  6.000000  7.000000
  -9.000000
  9.000000  8.000000  7.000000
  1.000000  -7.000000  -7.000000  -4.000000
  -9.000000  -1.000000  0.000000  1.000000
  -4.000000  -9.000000  -3.000000  10.000000




Rank: 2, local A: 
  7.000000  -3.000000  -2.000000  -1.000000  5.000000
  1.000000  -7.000000  6.000000  0.000000  -4.000000
  4.000000  4.000000  8.000000  3.000000  -8.000000
  1.000000  -1.000000  2.000000  1.000000  3.000000




Rank: 3, local A: 
  -2.000000  1.000000  -10.000000  -3.000000
  5.000000  7.000000  -8.000000  3.000000
  -3.000000  -10.000000  -8.000000  -8.000000
  -5.000000  0.000000  8.000000  -3.000000




The job has finished!
